=== Sat Aug  1 14:57:48 PDT 2026 Starting glm_baseline ===
[I 2026-08-01 14:57:59,109] A new study created in memory with name: no-name-2c1e23ba-7750-4d2a-b835-c03bb8d8c707
[I 2026-08-01 14:58:20,732] Trial 0 finished with value: 0.698767171543298 and parameters: {'lr': 0.00031489116479568613, 'weight_decay': 0.006351221010640704, 'batch_size': 16}. Best is trial 0 with value: 0.698767171543298.
[I 2026-08-01 14:58:36,150] Trial 1 finished with value: 1.448103229114298 and parameters: {'lr': 1.7073967431528103e-05, 'weight_decay': 0.0029154431891537554, 'batch_size': 128}. Best is trial 0 with value: 0.698767171543298.
[I 2026-08-01 14:58:52,141] Trial 2 finished with value: 0.5060733227269977 and parameters: {'lr': 0.021368329072358756, 'weight_decay': 7.068974950624607e-06, 'batch_size': 128}. Best is trial 2 with value: 0.5060733227269977.
[I 2026-08-01 14:59:11,511] Trial 3 finished with value: 0.5560493844199923 and parameters: {'lr': 0.0005342937261279777, 'weight_decay': 1.461896279370496e-05, 'batch_size': 16}. Best is trial 2 with value: 0.5060733227269977.
[I 2026-08-01 14:59:29,034] Trial 4 finished with value: 0.6549471289077852 and parameters: {'lr': 0.0006672367170464204, 'weight_decay': 0.0013826232179369874, 'batch_size': 64}. Best is trial 2 with value: 0.5060733227269977.
[I 2026-08-01 14:59:45,457] Trial 5 finished with value: 0.5366624122147499 and parameters: {'lr': 0.0026926469100861782, 'weight_decay': 4.809461967501575e-06, 'batch_size': 64}. Best is trial 2 with value: 0.5060733227269977.
[I 2026-08-01 15:00:04,955] Trial 6 pruned. 
[I 2026-08-01 15:00:26,346] Trial 7 pruned. 
Train/val sizes: 7459 / 1317
Static feature dim: 23, output dim: 50
Loading RNA-FM embedding dictionary from /Users/weberlin/src/cs229/cs229_rna_folding_clone/modular_setup_improved_optimized/all_fm-rna_embeddings_filtered.pt...
Early stopping: best val loss improved by less than 0.005 over the last 5 trials.

Best val loss: 0.5061
Best params: {'lr': 0.021368329072358756, 'weight_decay': 7.068974950624607e-06, 'batch_size': 128}

Saved tuning results to /Users/weberlin/src/cs229/cs229_rna_folding_clone/modular_setup_improved_optimized/tune_results/tune_results_glm_baseline_20ep.json
=== Sat Aug  1 15:00:27 PDT 2026 Finished glm_baseline ===
=== Sat Aug  1 15:00:27 PDT 2026 Starting mean_pool_mlp ===
[I 2026-08-01 15:00:35,615] A new study created in memory with name: no-name-169788a7-517c-46e3-be48-6fcb4fd38374
[I 2026-08-01 15:01:00,543] Trial 0 finished with value: 0.4952554965254567 and parameters: {'lr': 0.00031489116479568613, 'weight_decay': 0.006351221010640704, 'batch_size': 16}. Best is trial 0 with value: 0.4952554965254567.
[I 2026-08-01 15:01:18,907] Trial 1 finished with value: 1.177151638536446 and parameters: {'lr': 1.7073967431528103e-05, 'weight_decay': 0.0029154431891537554, 'batch_size': 128}. Best is trial 0 with value: 0.4952554965254567.
[I 2026-08-01 15:01:35,987] Trial 2 finished with value: 0.34234309243992955 and parameters: {'lr': 0.021368329072358756, 'weight_decay': 7.068974950624607e-06, 'batch_size': 128}. Best is trial 2 with value: 0.34234309243992955.
[I 2026-08-01 15:01:59,841] Trial 3 finished with value: 0.3692386503371671 and parameters: {'lr': 0.0005342937261279777, 'weight_decay': 1.461896279370496e-05, 'batch_size': 16}. Best is trial 2 with value: 0.34234309243992955.
[I 2026-08-01 15:02:18,003] Trial 4 finished with value: 0.4119595879166979 and parameters: {'lr': 0.0006672367170464204, 'weight_decay': 0.0013826232179369874, 'batch_size': 64}. Best is trial 2 with value: 0.34234309243992955.
[I 2026-08-01 15:02:36,312] Trial 5 finished with value: 0.35903162517688814 and parameters: {'lr': 0.0026926469100861782, 'weight_decay': 4.809461967501575e-06, 'batch_size': 64}. Best is trial 2 with value: 0.34234309243992955.
[I 2026-08-01 15:03:00,392] Trial 6 pruned. 
[I 2026-08-01 15:03:21,084] Trial 7 pruned. 
Train/val sizes: 7459 / 1317
Static feature dim: 3, output dim: 50
Loading RNA-FM embedding dictionary from /Users/weberlin/src/cs229/cs229_rna_folding_clone/modular_setup_improved_optimized/all_fm-rna_embeddings_filtered.pt...
Early stopping: best val loss improved by less than 0.005 over the last 5 trials.

Best val loss: 0.3423
Best params: {'lr': 0.021368329072358756, 'weight_decay': 7.068974950624607e-06, 'batch_size': 128}

Saved tuning results to /Users/weberlin/src/cs229/cs229_rna_folding_clone/modular_setup_improved_optimized/tune_results/tune_results_mean_pool_mlp_20ep.json
=== Sat Aug  1 15:03:22 PDT 2026 Finished mean_pool_mlp ===
=== Sat Aug  1 15:03:22 PDT 2026 Starting bilstm ===
[I 2026-08-01 15:03:29,303] A new study created in memory with name: no-name-cba01cda-0f85-4a68-8646-bee9f0134cda
[I 2026-08-01 15:10:10,783] Trial 0 finished with value: 0.3873408186272771 and parameters: {'lr': 0.00031489116479568613, 'weight_decay': 0.006351221010640704, 'batch_size': 16}. Best is trial 0 with value: 0.3873408186272771.
[I 2026-08-01 15:13:05,913] Trial 1 finished with value: 0.943354321322662 and parameters: {'lr': 1.7073967431528103e-05, 'weight_decay': 0.0029154431891537554, 'batch_size': 128}. Best is trial 0 with value: 0.3873408186272771.
[I 2026-08-01 15:15:57,020] Trial 2 finished with value: 0.31292565677232964 and parameters: {'lr': 0.021368329072358756, 'weight_decay': 7.068974950624607e-06, 'batch_size': 128}. Best is trial 2 with value: 0.31292565677232964.
[I 2026-08-01 15:22:39,358] Trial 3 finished with value: 0.33073578337058934 and parameters: {'lr': 0.0005342937261279777, 'weight_decay': 1.461896279370496e-05, 'batch_size': 16}. Best is trial 2 with value: 0.31292565677232964.
[I 2026-08-01 15:25:58,783] Trial 4 finished with value: 0.3685592597374521 and parameters: {'lr': 0.0006672367170464204, 'weight_decay': 0.0013826232179369874, 'batch_size': 64}. Best is trial 2 with value: 0.31292565677232964.
[I 2026-08-01 15:29:23,892] Trial 5 finished with value: 0.3124163450620893 and parameters: {'lr': 0.0026926469100861782, 'weight_decay': 4.809461967501575e-06, 'batch_size': 64}. Best is trial 5 with value: 0.3124163450620893.
[I 2026-08-01 15:36:29,623] Trial 6 pruned. 
[I 2026-08-01 15:40:58,370] Trial 7 pruned. 
Train/val sizes: 7459 / 1317
Static feature dim: 3, output dim: 50
Loading RNA-FM embedding dictionary from /Users/weberlin/src/cs229/cs229_rna_folding_clone/modular_setup_improved_optimized/all_fm-rna_embeddings_filtered.pt...
Early stopping: best val loss improved by less than 0.005 over the last 5 trials.

Best val loss: 0.3124
Best params: {'lr': 0.0026926469100861782, 'weight_decay': 4.809461967501575e-06, 'batch_size': 64}

Saved tuning results to /Users/weberlin/src/cs229/cs229_rna_folding_clone/modular_setup_improved_optimized/tune_results/tune_results_bilstm_20ep.json
=== Sat Aug  1 15:40:59 PDT 2026 Finished bilstm ===
=== Sat Aug  1 15:40:59 PDT 2026 Starting bilstm_rna_fm ===
[I 2026-08-01 15:41:07,183] A new study created in memory with name: no-name-4be48ff5-1e25-450a-a5d6-c9414281ec0e
[I 2026-08-01 15:56:27,426] Trial 0 finished with value: 0.4598821822494472 and parameters: {'lr': 0.00031489116479568613, 'weight_decay': 0.006351221010640704, 'batch_size': 16}. Best is trial 0 with value: 0.4598821822494472.
[I 2026-08-01 16:03:19,579] Trial 1 finished with value: 0.8585349606490081 and parameters: {'lr': 1.7073967431528103e-05, 'weight_decay': 0.0029154431891537554, 'batch_size': 128}. Best is trial 0 with value: 0.4598821822494472.
[I 2026-08-01 16:10:17,948] Trial 2 finished with value: 0.3872104692431952 and parameters: {'lr': 0.021368329072358756, 'weight_decay': 7.068974950624607e-06, 'batch_size': 128}. Best is trial 2 with value: 0.3872104692431952.
[I 2026-08-01 16:25:18,948] Trial 3 finished with value: 0.4228378293997606 and parameters: {'lr': 0.0005342937261279777, 'weight_decay': 1.461896279370496e-05, 'batch_size': 16}. Best is trial 2 with value: 0.3872104692431952.
[I 2026-08-01 16:33:23,857] Trial 4 finished with value: 0.43468639594004205 and parameters: {'lr': 0.0006672367170464204, 'weight_decay': 0.0013826232179369874, 'batch_size': 64}. Best is trial 2 with value: 0.3872104692431952.
[I 2026-08-01 16:41:26,435] Trial 5 finished with value: 0.42190644362249785 and parameters: {'lr': 0.0026926469100861782, 'weight_decay': 4.809461967501575e-06, 'batch_size': 64}. Best is trial 2 with value: 0.3872104692431952.
[I 2026-08-01 16:56:14,846] Trial 6 pruned. 
[I 2026-08-01 17:06:47,230] Trial 7 pruned. 
Train/val sizes: 7459 / 1317
Static feature dim: 3, output dim: 50
Loading RNA-FM embedding dictionary from /Users/weberlin/src/cs229/cs229_rna_folding_clone/modular_setup_improved_optimized/all_fm-rna_embeddings_filtered.pt...
Early stopping: best val loss improved by less than 0.005 over the last 5 trials.

Best val loss: 0.3872
Best params: {'lr': 0.021368329072358756, 'weight_decay': 7.068974950624607e-06, 'batch_size': 128}

Saved tuning results to /Users/weberlin/src/cs229/cs229_rna_folding_clone/modular_setup_improved_optimized/tune_results/tune_results_bilstm_rna_fm_20ep.json
=== Sat Aug  1 17:06:48 PDT 2026 Finished bilstm_rna_fm ===
=== Sat Aug  1 17:06:48 PDT 2026 Starting bilstm_rna_fm_with_struct ===
[I 2026-08-01 17:06:56,253] A new study created in memory with name: no-name-6d0e8a8d-768c-434a-b291-cd5ef7a97f78
[I 2026-08-01 17:22:51,677] Trial 0 finished with value: 0.35635394683912475 and parameters: {'lr': 0.00031489116479568613, 'weight_decay': 0.006351221010640704, 'batch_size': 16}. Best is trial 0 with value: 0.35635394683912475.
[I 2026-08-01 17:29:45,096] Trial 1 finished with value: 0.8626349116240656 and parameters: {'lr': 1.7073967431528103e-05, 'weight_decay': 0.0029154431891537554, 'batch_size': 128}. Best is trial 0 with value: 0.35635394683912475.
[I 2026-08-01 17:36:55,990] Trial 2 finished with value: 0.3490890845169873 and parameters: {'lr': 0.021368329072358756, 'weight_decay': 7.068974950624607e-06, 'batch_size': 128}. Best is trial 2 with value: 0.3490890845169873.
[I 2026-08-01 17:53:08,653] Trial 3 finished with value: 0.3215404002613974 and parameters: {'lr': 0.0005342937261279777, 'weight_decay': 1.461896279370496e-05, 'batch_size': 16}. Best is trial 3 with value: 0.3215404002613974.
[I 2026-08-01 18:01:30,769] Trial 4 finished with value: 0.33292495351264945 and parameters: {'lr': 0.0006672367170464204, 'weight_decay': 0.0013826232179369874, 'batch_size': 64}. Best is trial 3 with value: 0.3215404002613974.
[I 2026-08-01 18:09:49,403] Trial 5 finished with value: 0.32885995136125573 and parameters: {'lr': 0.0026926469100861782, 'weight_decay': 4.809461967501575e-06, 'batch_size': 64}. Best is trial 3 with value: 0.3215404002613974.
[I 2026-08-01 18:25:45,040] Trial 6 finished with value: 0.3273611224865316 and parameters: {'lr': 0.00016536937182824412, 'weight_decay': 2.4586032763280077e-06, 'batch_size': 16}. Best is trial 3 with value: 0.3215404002613974.
[I 2026-08-01 18:36:46,462] Trial 7 pruned. 
[I 2026-08-01 18:52:31,417] Trial 8 finished with value: 0.32431964065961616 and parameters: {'lr': 0.0015375920235481753, 'weight_decay': 5.4880470007660465e-06, 'batch_size': 16}. Best is trial 3 with value: 0.3215404002613974.
Train/val sizes: 7459 / 1317
Static feature dim: 3, output dim: 50
Loading RNA-FM embedding dictionary from /Users/weberlin/src/cs229/cs229_rna_folding_clone/modular_setup_improved_optimized/all_fm-rna_embeddings_filtered.pt...
Early stopping: best val loss improved by less than 0.005 over the last 5 trials.

Best val loss: 0.3215
Best params: {'lr': 0.0005342937261279777, 'weight_decay': 1.461896279370496e-05, 'batch_size': 16}

Saved tuning results to /Users/weberlin/src/cs229/cs229_rna_folding_clone/modular_setup_improved_optimized/tune_results/tune_results_bilstm_rna_fm_with_struct_20ep.json
=== Sat Aug  1 18:52:32 PDT 2026 Finished bilstm_rna_fm_with_struct ===
=== Sat Aug  1 18:52:32 PDT 2026 Starting bilstm_rna_fm_proj ===
[I 2026-08-01 18:52:40,416] A new study created in memory with name: no-name-c40f3e79-230e-47ba-99b0-7d269b1a5ab6
[I 2026-08-01 19:07:11,658] Trial 0 finished with value: 0.47520020156080467 and parameters: {'lr': 0.00031489116479568613, 'weight_decay': 0.006351221010640704, 'batch_size': 16}. Best is trial 0 with value: 0.47520020156080467.
[I 2026-08-01 19:13:33,744] Trial 1 finished with value: 0.7869933040285074 and parameters: {'lr': 1.7073967431528103e-05, 'weight_decay': 0.0029154431891537554, 'batch_size': 128}. Best is trial 0 with value: 0.47520020156080467.
[I 2026-08-01 19:19:56,710] Trial 2 finished with value: 0.4142081014297184 and parameters: {'lr': 0.021368329072358756, 'weight_decay': 7.068974950624607e-06, 'batch_size': 128}. Best is trial 2 with value: 0.4142081014297184.
[I 2026-08-01 19:34:28,193] Trial 3 finished with value: 0.425555015931821 and parameters: {'lr': 0.0005342937261279777, 'weight_decay': 1.461896279370496e-05, 'batch_size': 16}. Best is trial 2 with value: 0.4142081014297184.
[I 2026-08-01 19:41:58,579] Trial 4 finished with value: 0.44852891009960016 and parameters: {'lr': 0.0006672367170464204, 'weight_decay': 0.0013826232179369874, 'batch_size': 64}. Best is trial 2 with value: 0.4142081014297184.
[I 2026-08-01 19:49:55,242] Trial 5 finished with value: 0.42001524549500907 and parameters: {'lr': 0.0026926469100861782, 'weight_decay': 4.809461967501575e-06, 'batch_size': 64}. Best is trial 2 with value: 0.4142081014297184.
[I 2026-08-01 20:05:14,449] Trial 6 pruned. 
[I 2026-08-01 20:15:06,330] Trial 7 pruned. 
Train/val sizes: 7459 / 1317
Static feature dim: 3, output dim: 50
Loading RNA-FM embedding dictionary from /Users/weberlin/src/cs229/cs229_rna_folding_clone/modular_setup_improved_optimized/all_fm-rna_embeddings_filtered.pt...
Early stopping: best val loss improved by less than 0.005 over the last 5 trials.

Best val loss: 0.4142
Best params: {'lr': 0.021368329072358756, 'weight_decay': 7.068974950624607e-06, 'batch_size': 128}

Saved tuning results to /Users/weberlin/src/cs229/cs229_rna_folding_clone/modular_setup_improved_optimized/tune_results/tune_results_bilstm_rna_fm_proj_20ep.json
=== Sat Aug  1 20:15:07 PDT 2026 Finished bilstm_rna_fm_proj ===
=== Sat Aug  1 20:15:07 PDT 2026 Starting embed_transformer ===
[I 2026-08-01 20:15:15,007] A new study created in memory with name: no-name-74c070f9-cc0b-413a-8519-de41587420d2
[I 2026-08-01 20:19:07,896] Trial 0 finished with value: 0.4747988836459346 and parameters: {'lr': 0.00031489116479568613, 'weight_decay': 0.006351221010640704, 'batch_size': 16}. Best is trial 0 with value: 0.4747988836459346.
[I 2026-08-01 20:22:41,443] Trial 1 finished with value: 0.8938109458805307 and parameters: {'lr': 1.7073967431528103e-05, 'weight_decay': 0.0029154431891537554, 'batch_size': 128}. Best is trial 0 with value: 0.4747988836459346.
[I 2026-08-01 20:26:03,781] Trial 2 finished with value: 0.5137729688901836 and parameters: {'lr': 0.021368329072358756, 'weight_decay': 7.068974950624607e-06, 'batch_size': 128}. Best is trial 0 with value: 0.4747988836459346.
[I 2026-08-01 20:29:52,516] Trial 3 finished with value: 0.43841454257726126 and parameters: {'lr': 0.0005342937261279777, 'weight_decay': 1.461896279370496e-05, 'batch_size': 16}. Best is trial 3 with value: 0.43841454257726126.
[I 2026-08-01 20:33:23,062] Trial 4 finished with value: 0.44777248599534697 and parameters: {'lr': 0.0006672367170464204, 'weight_decay': 0.0013826232179369874, 'batch_size': 64}. Best is trial 3 with value: 0.43841454257726126.
[I 2026-08-01 20:36:47,634] Trial 5 finished with value: 0.4454872550028422 and parameters: {'lr': 0.0026926469100861782, 'weight_decay': 4.809461967501575e-06, 'batch_size': 64}. Best is trial 3 with value: 0.43841454257726126.
[I 2026-08-01 20:40:40,491] Trial 6 finished with value: 0.4391797141722865 and parameters: {'lr': 0.00016536937182824412, 'weight_decay': 2.4586032763280077e-06, 'batch_size': 16}. Best is trial 3 with value: 0.43841454257726126.
[I 2026-08-01 20:44:06,557] Trial 7 pruned. 
[I 2026-08-01 20:48:02,447] Trial 8 finished with value: 0.452752284756554 and parameters: {'lr': 0.0015375920235481753, 'weight_decay': 5.4880470007660465e-06, 'batch_size': 16}. Best is trial 3 with value: 0.43841454257726126.
Train/val sizes: 7459 / 1317
Static feature dim: 3, output dim: 50
Loading RNA-FM embedding dictionary from /Users/weberlin/src/cs229/cs229_rna_folding_clone/modular_setup_improved_optimized/all_fm-rna_embeddings_filtered.pt...
Early stopping: best val loss improved by less than 0.005 over the last 5 trials.

Best val loss: 0.4384
Best params: {'lr': 0.0005342937261279777, 'weight_decay': 1.461896279370496e-05, 'batch_size': 16}

Saved tuning results to /Users/weberlin/src/cs229/cs229_rna_folding_clone/modular_setup_improved_optimized/tune_results/tune_results_embed_transformer_20ep.json
=== Sat Aug  1 20:48:03 PDT 2026 Finished embed_transformer ===
=== Sat Aug  1 20:48:03 PDT 2026 Starting rna_loc ===
[I 2026-08-01 20:48:11,177] A new study created in memory with name: no-name-2be5660b-37a4-42b2-bb85-756f7e1a70e1
[I 2026-08-01 21:34:56,773] Trial 0 finished with value: 0.4989910071196661 and parameters: {'lr': 0.00031489116479568613, 'weight_decay': 0.006351221010640704, 'batch_size': 16}. Best is trial 0 with value: 0.4989910071196661.
[I 2026-08-01 22:22:25,484] Trial 1 finished with value: 0.5941234517930218 and parameters: {'lr': 1.7073967431528103e-05, 'weight_decay': 0.0029154431891537554, 'batch_size': 128}. Best is trial 0 with value: 0.4989910071196661.
[I 2026-08-01 23:12:29,307] Trial 2 finished with value: 0.9097807923771707 and parameters: {'lr': 0.021368329072358756, 'weight_decay': 7.068974950624607e-06, 'batch_size': 128}. Best is trial 0 with value: 0.4989910071196661.
[I 2026-08-02 00:05:13,914] Trial 3 finished with value: 0.4514920680855112 and parameters: {'lr': 0.0005342937261279777, 'weight_decay': 1.461896279370496e-05, 'batch_size': 16}. Best is trial 3 with value: 0.4514920680855112.
[I 2026-08-02 00:48:44,190] Trial 4 finished with value: 0.44771584166933753 and parameters: {'lr': 0.0006672367170464204, 'weight_decay': 0.0013826232179369874, 'batch_size': 64}. Best is trial 4 with value: 0.44771584166933753.
[I 2026-08-02 01:31:46,880] Trial 5 finished with value: 0.4434221820706387 and parameters: {'lr': 0.0026926469100861782, 'weight_decay': 4.809461967501575e-06, 'batch_size': 64}. Best is trial 5 with value: 0.4434221820706387.
[I 2026-08-02 02:31:19,315] Trial 6 finished with value: 0.4363477543256639 and parameters: {'lr': 0.00016536937182824412, 'weight_decay': 2.4586032763280077e-06, 'batch_size': 16}. Best is trial 6 with value: 0.4363477543256639.
